----------------------------------------
DaemonLogic: Daemon has awakend.
Current PID: 129014
the api is not working wait 5 seconds
DaemonLogic: Daemon has exited. bey :)
----------------------------------------
DaemonLogic: Daemon has awakend.
Current PID: 130473
the api is not working wait 5 seconds
the api is not working wait 5 seconds
the api is not working wait 5 seconds
the api is not working wait 5 seconds
the api is not working wait 5 seconds
the api is not working wait 5 seconds
----------------------------------------
DaemonLogic: Daemon has awakend.
Current PID: 130614
Exception in thread "main" java.lang.RuntimeException: java.net.BindException: Address already in use
	at studio.maxis.DaemonLogic.main(DaemonLogic.java:34)
Caused by: java.net.BindException: Address already in use
	at java.base/sun.nio.ch.Net.bind0(Native Method)
	at java.base/sun.nio.ch.Net.bind(Net.java:556)
	at java.base/sun.nio.ch.ServerSocketChannelImpl.netBind(ServerSocketChannelImpl.java:344)
	at java.base/sun.nio.ch.ServerSocketChannelImpl.bind(ServerSocketChannelImpl.java:301)
	at java.base/sun.nio.ch.ServerSocketAdaptor.bind(ServerSocketAdaptor.java:89)
	at jdk.httpserver/sun.net.httpserver.ServerImpl.<init>(ServerImpl.java:145)
	at jdk.httpserver/sun.net.httpserver.HttpServerImpl.<init>(HttpServerImpl.java:50)
	at jdk.httpserver/sun.net.httpserver.DefaultHttpServerProvider.createHttpServer(DefaultHttpServerProvider.java:35)
	at jdk.httpserver/com.sun.net.httpserver.HttpServer.create(HttpServer.java:152)
	at studio.maxis.DaemonLogic.main(DaemonLogic.java:29)
the api is not working wait 5 seconds
DaemonLogic: Daemon has exited. bey :)
----------------------------------------
DaemonLogic: Daemon has awakend.
Current PID: 131089
the api is not working wait 5 seconds
DaemonLogic: Daemon has exited. bey :)
----------------------------------------
DaemonLogic: Daemon has awakend.
Current PID: 132136
the api is not working wait 5 seconds
DaemonLogic: Daemon has exited. bey :)
----------------------------------------
DaemonLogic: Daemon has awakend.
Current PID: 136892
the api is not working wait 5 seconds
the api is not working wait 5 seconds
the api is not working wait 5 seconds
the api is not working wait 5 seconds
the api is not working wait 5 seconds
the api is not working wait 5 seconds
the api is not working wait 5 seconds
the api is not working wait 5 seconds
the api is not working wait 5 seconds
the api is not working wait 5 seconds
the api is not working wait 5 seconds
the api is not working wait 5 seconds
the api is not working wait 5 seconds
the api is not working wait 5 seconds
the api is not working wait 5 seconds
----------------------------------------
DaemonLogic: Daemon has awakend.
Current PID: 137174
Exception in thread "main" java.lang.RuntimeException: java.net.BindException: Address already in use
	at studio.maxis.DaemonLogic.main(DaemonLogic.java:34)
Caused by: java.net.BindException: Address already in use
	at java.base/sun.nio.ch.Net.bind0(Native Method)
	at java.base/sun.nio.ch.Net.bind(Net.java:556)
	at java.base/sun.nio.ch.ServerSocketChannelImpl.netBind(ServerSocketChannelImpl.java:344)
	at java.base/sun.nio.ch.ServerSocketChannelImpl.bind(ServerSocketChannelImpl.java:301)
	at java.base/sun.nio.ch.ServerSocketAdaptor.bind(ServerSocketAdaptor.java:89)
	at jdk.httpserver/sun.net.httpserver.ServerImpl.<init>(ServerImpl.java:145)
	at jdk.httpserver/sun.net.httpserver.HttpServerImpl.<init>(HttpServerImpl.java:50)
	at jdk.httpserver/sun.net.httpserver.DefaultHttpServerProvider.createHttpServer(DefaultHttpServerProvider.java:35)
	at jdk.httpserver/com.sun.net.httpserver.HttpServer.create(HttpServer.java:152)
	at studio.maxis.DaemonLogic.main(DaemonLogic.java:29)
the api is not working wait 5 seconds
the api is not working wait 5 seconds
the api is not working wait 5 seconds
the api is not working wait 5 seconds
the api is not working wait 5 seconds
the api is not working wait 5 seconds
the api is not working wait 5 seconds
the api is not working wait 5 seconds
the api is not working wait 5 seconds
the api is not working wait 5 seconds
the api is not working wait 5 seconds
the api is not working wait 5 seconds
the api is not working wait 5 seconds
----------------------------------------
DaemonLogic: Daemon has awakend.
Current PID: 137399
Exception in thread "main" java.lang.RuntimeException: java.net.BindException: Address already in use
	at studio.maxis.DaemonLogic.main(DaemonLogic.java:34)
Caused by: java.net.BindException: Address already in use
	at java.base/sun.nio.ch.Net.bind0(Native Method)
	at java.base/sun.nio.ch.Net.bind(Net.java:556)
	at java.base/sun.nio.ch.ServerSocketChannelImpl.netBind(ServerSocketChannelImpl.java:344)
	at java.base/sun.nio.ch.ServerSocketChannelImpl.bind(ServerSocketChannelImpl.java:301)
	at java.base/sun.nio.ch.ServerSocketAdaptor.bind(ServerSocketAdaptor.java:89)
	at jdk.httpserver/sun.net.httpserver.ServerImpl.<init>(ServerImpl.java:145)
	at jdk.httpserver/sun.net.httpserver.HttpServerImpl.<init>(HttpServerImpl.java:50)
	at jdk.httpserver/sun.net.httpserver.DefaultHttpServerProvider.createHttpServer(DefaultHttpServerProvider.java:35)
	at jdk.httpserver/com.sun.net.httpserver.HttpServer.create(HttpServer.java:152)
	at studio.maxis.DaemonLogic.main(DaemonLogic.java:29)
the api is not working wait 5 seconds
----------------------------------------
DaemonLogic: Daemon has awakend.
Current PID: 137516
Exception in thread "main" java.lang.RuntimeException: java.net.BindException: Address already in use
	at studio.maxis.DaemonLogic.main(DaemonLogic.java:34)
Caused by: java.net.BindException: Address already in use
	at java.base/sun.nio.ch.Net.bind0(Native Method)
	at java.base/sun.nio.ch.Net.bind(Net.java:556)
	at java.base/sun.nio.ch.ServerSocketChannelImpl.netBind(ServerSocketChannelImpl.java:344)
	at java.base/sun.nio.ch.ServerSocketChannelImpl.bind(ServerSocketChannelImpl.java:301)
	at java.base/sun.nio.ch.ServerSocketAdaptor.bind(ServerSocketAdaptor.java:89)
	at jdk.httpserver/sun.net.httpserver.ServerImpl.<init>(ServerImpl.java:145)
	at jdk.httpserver/sun.net.httpserver.HttpServerImpl.<init>(HttpServerImpl.java:50)
	at jdk.httpserver/sun.net.httpserver.DefaultHttpServerProvider.createHttpServer(DefaultHttpServerProvider.java:35)
	at jdk.httpserver/com.sun.net.httpserver.HttpServer.create(HttpServer.java:152)
	at studio.maxis.DaemonLogic.main(DaemonLogic.java:29)
the api is not working wait 5 seconds
the api is not working wait 5 seconds
DaemonLogic: Daemon has exited. bey :)
----------------------------------------
DaemonLogic: Daemon has awakend.
Current PID: 137908
the api is not working wait 5 seconds
the api is not working wait 5 seconds
the api is not working wait 5 seconds
the api is not working wait 5 seconds
the api is not working wait 5 seconds
the api is not working wait 5 seconds
the api is not working wait 5 seconds
the api is not working wait 5 seconds
the api is not working wait 5 seconds
----------------------------------------
DaemonLogic: Daemon has awakend.
Current PID: 138052
Exception in thread "main" java.lang.RuntimeException: java.net.BindException: Address already in use
	at studio.maxis.DaemonLogic.main(DaemonLogic.java:34)
Caused by: java.net.BindException: Address already in use
	at java.base/sun.nio.ch.Net.bind0(Native Method)
	at java.base/sun.nio.ch.Net.bind(Net.java:556)
	at java.base/sun.nio.ch.ServerSocketChannelImpl.netBind(ServerSocketChannelImpl.java:344)
	at java.base/sun.nio.ch.ServerSocketChannelImpl.bind(ServerSocketChannelImpl.java:301)
	at java.base/sun.nio.ch.ServerSocketAdaptor.bind(ServerSocketAdaptor.java:89)
	at jdk.httpserver/sun.net.httpserver.ServerImpl.<init>(ServerImpl.java:145)
	at jdk.httpserver/sun.net.httpserver.HttpServerImpl.<init>(HttpServerImpl.java:50)
	at jdk.httpserver/sun.net.httpserver.DefaultHttpServerProvider.createHttpServer(DefaultHttpServerProvider.java:35)
	at jdk.httpserver/com.sun.net.httpserver.HttpServer.create(HttpServer.java:152)
	at studio.maxis.DaemonLogic.main(DaemonLogic.java:29)
the api is not working wait 5 seconds
the api is not working wait 5 seconds
the api is not working wait 5 seconds
the api is not working wait 5 seconds
the api is not working wait 5 seconds
the api is not working wait 5 seconds
DaemonLogic: Daemon has exited. bey :)
----------------------------------------
DaemonLogic: Daemon has awakend.
Current PID: 138320
the api is not working wait 5 seconds
----------------------------------------
DaemonLogic: Daemon has awakend.
Current PID: 138443
Exception in thread "main" java.lang.RuntimeException: java.net.BindException: Address already in use
	at studio.maxis.DaemonLogic.main(DaemonLogic.java:34)
Caused by: java.net.BindException: Address already in use
	at java.base/sun.nio.ch.Net.bind0(Native Method)
	at java.base/sun.nio.ch.Net.bind(Net.java:556)
	at java.base/sun.nio.ch.ServerSocketChannelImpl.netBind(ServerSocketChannelImpl.java:344)
	at java.base/sun.nio.ch.ServerSocketChannelImpl.bind(ServerSocketChannelImpl.java:301)
	at java.base/sun.nio.ch.ServerSocketAdaptor.bind(ServerSocketAdaptor.java:89)
	at jdk.httpserver/sun.net.httpserver.ServerImpl.<init>(ServerImpl.java:145)
	at jdk.httpserver/sun.net.httpserver.HttpServerImpl.<init>(HttpServerImpl.java:50)
	at jdk.httpserver/sun.net.httpserver.DefaultHttpServerProvider.createHttpServer(DefaultHttpServerProvider.java:35)
	at jdk.httpserver/com.sun.net.httpserver.HttpServer.create(HttpServer.java:152)
	at studio.maxis.DaemonLogic.main(DaemonLogic.java:29)
the api is not working wait 5 seconds
----------------------------------------
DaemonLogic: Daemon has awakend.
Current PID: 138563
Exception in thread "main" java.lang.RuntimeException: java.net.BindException: Address already in use
	at studio.maxis.DaemonLogic.main(DaemonLogic.java:34)
Caused by: java.net.BindException: Address already in use
	at java.base/sun.nio.ch.Net.bind0(Native Method)
	at java.base/sun.nio.ch.Net.bind(Net.java:556)
	at java.base/sun.nio.ch.ServerSocketChannelImpl.netBind(ServerSocketChannelImpl.java:344)
	at java.base/sun.nio.ch.ServerSocketChannelImpl.bind(ServerSocketChannelImpl.java:301)
	at java.base/sun.nio.ch.ServerSocketAdaptor.bind(ServerSocketAdaptor.java:89)
	at jdk.httpserver/sun.net.httpserver.ServerImpl.<init>(ServerImpl.java:145)
	at jdk.httpserver/sun.net.httpserver.HttpServerImpl.<init>(HttpServerImpl.java:50)
	at jdk.httpserver/sun.net.httpserver.DefaultHttpServerProvider.createHttpServer(DefaultHttpServerProvider.java:35)
	at jdk.httpserver/com.sun.net.httpserver.HttpServer.create(HttpServer.java:152)
	at studio.maxis.DaemonLogic.main(DaemonLogic.java:29)
the api is not working wait 5 seconds
DaemonLogic: Daemon has exited. bey :)
----------------------------------------
DaemonLogic: Daemon has awakend.
Current PID: 139114
the api is not working wait 5 seconds
the api is not working wait 5 seconds
the api is not working wait 5 seconds
DaemonLogic: Daemon has exited. bey :)
----------------------------------------
DaemonLogic: Daemon has awakend.
Current PID: 139342
the api is not working wait 5 seconds
----------------------------------------
DaemonLogic: Daemon has awakend.
Current PID: 139458
Exception in thread "main" java.lang.RuntimeException: java.net.BindException: Address already in use
	at studio.maxis.DaemonLogic.main(DaemonLogic.java:34)
Caused by: java.net.BindException: Address already in use
	at java.base/sun.nio.ch.Net.bind0(Native Method)
	at java.base/sun.nio.ch.Net.bind(Net.java:556)
	at java.base/sun.nio.ch.ServerSocketChannelImpl.netBind(ServerSocketChannelImpl.java:344)
	at java.base/sun.nio.ch.ServerSocketChannelImpl.bind(ServerSocketChannelImpl.java:301)
	at java.base/sun.nio.ch.ServerSocketAdaptor.bind(ServerSocketAdaptor.java:89)
	at jdk.httpserver/sun.net.httpserver.ServerImpl.<init>(ServerImpl.java:145)
	at jdk.httpserver/sun.net.httpserver.HttpServerImpl.<init>(HttpServerImpl.java:50)
	at jdk.httpserver/sun.net.httpserver.DefaultHttpServerProvider.createHttpServer(DefaultHttpServerProvider.java:35)
	at jdk.httpserver/com.sun.net.httpserver.HttpServer.create(HttpServer.java:152)
	at studio.maxis.DaemonLogic.main(DaemonLogic.java:29)
the api is not working wait 5 seconds
the api is not working wait 5 seconds
the api is not working wait 5 seconds
the api is not working wait 5 seconds
the api is not working wait 5 seconds
the api is not working wait 5 seconds
the api is not working wait 5 seconds
the api is not working wait 5 seconds
the api is not working wait 5 seconds
the api is not working wait 5 seconds
the api is not working wait 5 seconds
the api is not working wait 5 seconds
the api is not working wait 5 seconds
the api is not working wait 5 seconds
DaemonLogic: Daemon has exited. bey :)
----------------------------------------
DaemonLogic: Daemon has awakend.
Current PID: 139821
the api is not working wait 5 seconds
the api is not working wait 5 seconds
the api is not working wait 5 seconds
the api is not working wait 5 seconds
the api is not working wait 5 seconds
the api is not working wait 5 seconds
DaemonLogic: Daemon has exited. bey :)
----------------------------------------
DaemonLogic: Daemon has awakend.
Current PID: 140159
the api is not working wait 5 seconds
the api is not working wait 5 seconds
the api is not working wait 5 seconds
the api is not working wait 5 seconds
the api is not working wait 5 seconds
the api is not working wait 5 seconds
the api is not working wait 5 seconds
the api is not working wait 5 seconds
----------------------------------------
DaemonLogic: Daemon has awakend.
Current PID: 140312
Exception in thread "main" java.lang.RuntimeException: java.net.BindException: Address already in use
	at studio.maxis.DaemonLogic.main(DaemonLogic.java:34)
Caused by: java.net.BindException: Address already in use
	at java.base/sun.nio.ch.Net.bind0(Native Method)
	at java.base/sun.nio.ch.Net.bind(Net.java:556)
	at java.base/sun.nio.ch.ServerSocketChannelImpl.netBind(ServerSocketChannelImpl.java:344)
	at java.base/sun.nio.ch.ServerSocketChannelImpl.bind(ServerSocketChannelImpl.java:301)
	at java.base/sun.nio.ch.ServerSocketAdaptor.bind(ServerSocketAdaptor.java:89)
	at jdk.httpserver/sun.net.httpserver.ServerImpl.<init>(ServerImpl.java:145)
	at jdk.httpserver/sun.net.httpserver.HttpServerImpl.<init>(HttpServerImpl.java:50)
	at jdk.httpserver/sun.net.httpserver.DefaultHttpServerProvider.createHttpServer(DefaultHttpServerProvider.java:35)
	at jdk.httpserver/com.sun.net.httpserver.HttpServer.create(HttpServer.java:152)
	at studio.maxis.DaemonLogic.main(DaemonLogic.java:29)
the api is not working wait 5 seconds
the api is not working wait 5 seconds
the api is not working wait 5 seconds
the api is not working wait 5 seconds
the api is not working wait 5 seconds
the api is not working wait 5 seconds
the api is not working wait 5 seconds
the api is not working wait 5 seconds
the api is not working wait 5 seconds
the api is not working wait 5 seconds
the api is not working wait 5 seconds
the api is not working wait 5 seconds
the api is not working wait 5 seconds
the api is not working wait 5 seconds
the api is not working wait 5 seconds
the api is not working wait 5 seconds
----------------------------------------
DaemonLogic: Daemon has awakend.
Current PID: 140646
Exception in thread "main" java.lang.RuntimeException: java.net.BindException: Address already in use
	at studio.maxis.DaemonLogic.main(DaemonLogic.java:34)
Caused by: java.net.BindException: Address already in use
	at java.base/sun.nio.ch.Net.bind0(Native Method)
	at java.base/sun.nio.ch.Net.bind(Net.java:556)
	at java.base/sun.nio.ch.ServerSocketChannelImpl.netBind(ServerSocketChannelImpl.java:344)
	at java.base/sun.nio.ch.ServerSocketChannelImpl.bind(ServerSocketChannelImpl.java:301)
	at java.base/sun.nio.ch.ServerSocketAdaptor.bind(ServerSocketAdaptor.java:89)
	at jdk.httpserver/sun.net.httpserver.ServerImpl.<init>(ServerImpl.java:145)
	at jdk.httpserver/sun.net.httpserver.HttpServerImpl.<init>(HttpServerImpl.java:50)
	at jdk.httpserver/sun.net.httpserver.DefaultHttpServerProvider.createHttpServer(DefaultHttpServerProvider.java:35)
	at jdk.httpserver/com.sun.net.httpserver.HttpServer.create(HttpServer.java:152)
	at studio.maxis.DaemonLogic.main(DaemonLogic.java:29)
the api is not working wait 5 seconds
the api is not working wait 5 seconds
the api is not working wait 5 seconds
the api is not working wait 5 seconds
the api is not working wait 5 seconds
the api is not working wait 5 seconds
the api is not working wait 5 seconds
the api is not working wait 5 seconds
the api is not working wait 5 seconds
the api is not working wait 5 seconds
the api is not working wait 5 seconds
the api is not working wait 5 seconds
the api is not working wait 5 seconds
the api is not working wait 5 seconds
the api is not working wait 5 seconds
the api is not working wait 5 seconds
the api is not working wait 5 seconds
the api is not working wait 5 seconds
the api is not working wait 5 seconds
the api is not working wait 5 seconds
the api is not working wait 5 seconds
the api is not working wait 5 seconds
the api is not working wait 5 seconds
the api is not working wait 5 seconds
the api is not working wait 5 seconds
the api is not working wait 5 seconds
the api is not working wait 5 seconds
the api is not working wait 5 seconds
the api is not working wait 5 seconds
the api is not working wait 5 seconds
the api is not working wait 5 seconds
the api is not working wait 5 seconds
the api is not working wait 5 seconds
the api is not working wait 5 seconds
the api is not working wait 5 seconds
the api is not working wait 5 seconds
the api is not working wait 5 seconds
the api is not working wait 5 seconds
the api is not working wait 5 seconds
the api is not working wait 5 seconds
the api is not working wait 5 seconds
the api is not working wait 5 seconds
the api is not working wait 5 seconds
the api is not working wait 5 seconds
the api is not working wait 5 seconds
the api is not working wait 5 seconds
the api is not working wait 5 seconds
the api is not working wait 5 seconds
the api is not working wait 5 seconds
----------------------------------------
DaemonLogic: Daemon has awakend.
Current PID: 141531
Exception in thread "main" java.lang.RuntimeException: java.net.BindException: Address already in use
	at studio.maxis.DaemonLogic.main(DaemonLogic.java:34)
Caused by: java.net.BindException: Address already in use
	at java.base/sun.nio.ch.Net.bind0(Native Method)
	at java.base/sun.nio.ch.Net.bind(Net.java:556)
	at java.base/sun.nio.ch.ServerSocketChannelImpl.netBind(ServerSocketChannelImpl.java:344)
	at java.base/sun.nio.ch.ServerSocketChannelImpl.bind(ServerSocketChannelImpl.java:301)
	at java.base/sun.nio.ch.ServerSocketAdaptor.bind(ServerSocketAdaptor.java:89)
	at jdk.httpserver/sun.net.httpserver.ServerImpl.<init>(ServerImpl.java:145)
	at jdk.httpserver/sun.net.httpserver.HttpServerImpl.<init>(HttpServerImpl.java:50)
	at jdk.httpserver/sun.net.httpserver.DefaultHttpServerProvider.createHttpServer(DefaultHttpServerProvider.java:35)
	at jdk.httpserver/com.sun.net.httpserver.HttpServer.create(HttpServer.java:152)
	at studio.maxis.DaemonLogic.main(DaemonLogic.java:29)
the api is not working wait 5 seconds
the api is not working wait 5 seconds
the api is not working wait 5 seconds
the api is not working wait 5 seconds
----------------------------------------
DaemonLogic: Daemon has awakend.
Current PID: 141760
Exception in thread "main" java.lang.RuntimeException: java.net.BindException: Address already in use
	at studio.maxis.DaemonLogic.main(DaemonLogic.java:34)
Caused by: java.net.BindException: Address already in use
	at java.base/sun.nio.ch.Net.bind0(Native Method)
	at java.base/sun.nio.ch.Net.bind(Net.java:556)
	at java.base/sun.nio.ch.ServerSocketChannelImpl.netBind(ServerSocketChannelImpl.java:344)
	at java.base/sun.nio.ch.ServerSocketChannelImpl.bind(ServerSocketChannelImpl.java:301)
	at java.base/sun.nio.ch.ServerSocketAdaptor.bind(ServerSocketAdaptor.java:89)
	at jdk.httpserver/sun.net.httpserver.ServerImpl.<init>(ServerImpl.java:145)
	at jdk.httpserver/sun.net.httpserver.HttpServerImpl.<init>(HttpServerImpl.java:50)
	at jdk.httpserver/sun.net.httpserver.DefaultHttpServerProvider.createHttpServer(DefaultHttpServerProvider.java:35)
	at jdk.httpserver/com.sun.net.httpserver.HttpServer.create(HttpServer.java:152)
	at studio.maxis.DaemonLogic.main(DaemonLogic.java:29)
the api is not working wait 5 seconds
the api is not working wait 5 seconds
the api is not working wait 5 seconds
the api is not working wait 5 seconds
----------------------------------------
DaemonLogic: Daemon has awakend.
Current PID: 141926
Exception in thread "main" java.lang.RuntimeException: java.net.BindException: Address already in use
	at studio.maxis.DaemonLogic.main(DaemonLogic.java:34)
Caused by: java.net.BindException: Address already in use
	at java.base/sun.nio.ch.Net.bind0(Native Method)
	at java.base/sun.nio.ch.Net.bind(Net.java:556)
	at java.base/sun.nio.ch.ServerSocketChannelImpl.netBind(ServerSocketChannelImpl.java:344)
	at java.base/sun.nio.ch.ServerSocketChannelImpl.bind(ServerSocketChannelImpl.java:301)
	at java.base/sun.nio.ch.ServerSocketAdaptor.bind(ServerSocketAdaptor.java:89)
	at jdk.httpserver/sun.net.httpserver.ServerImpl.<init>(ServerImpl.java:145)
	at jdk.httpserver/sun.net.httpserver.HttpServerImpl.<init>(HttpServerImpl.java:50)
	at jdk.httpserver/sun.net.httpserver.DefaultHttpServerProvider.createHttpServer(DefaultHttpServerProvider.java:35)
	at jdk.httpserver/com.sun.net.httpserver.HttpServer.create(HttpServer.java:152)
	at studio.maxis.DaemonLogic.main(DaemonLogic.java:29)
the api is not working wait 5 seconds
the api is not working wait 5 seconds
the api is not working wait 5 seconds
the api is not working wait 5 seconds
the api is not working wait 5 seconds
the api is not working wait 5 seconds
the api is not working wait 5 seconds
the api is not working wait 5 seconds
the api is not working wait 5 seconds
DaemonLogic: Daemon has exited. bey :)
----------------------------------------
DaemonLogic: Daemon has awakend.
Current PID: 142173
the api is not working wait 5 seconds
the api is not working wait 5 seconds
the api is not working wait 5 seconds
the api is not working wait 5 seconds
the api is not working wait 5 seconds
the api is not working wait 5 seconds
the api is not working wait 5 seconds
the api is not working wait 5 seconds
the api is not working wait 5 seconds
the api is not working wait 5 seconds
the api is not working wait 5 seconds
the api is not working wait 5 seconds
the api is not working wait 5 seconds
the api is not working wait 5 seconds
the api is not working wait 5 seconds
the api is not working wait 5 seconds
the api is not working wait 5 seconds
the api is not working wait 5 seconds
the api is not working wait 5 seconds
the api is not working wait 5 seconds
the api is not working wait 5 seconds
the api is not working wait 5 seconds
the api is not working wait 5 seconds
DaemonLogic: Daemon has exited. bey :)
----------------------------------------
DaemonLogic: Daemon has awakend.
Current PID: 143995
the api is not working wait 5 seconds
the api is not working wait 5 seconds
DaemonLogic: Daemon has exited. bey :)
----------------------------------------
DaemonLogic: Daemon has awakend.
Current PID: 174961
DaemonLogic: Daemon has exited. bey :)
----------------------------------------
DaemonLogic: Daemon has awakend.
Current PID: 175661
DaemonLogic: Daemon has exited. bey :)
----------------------------------------
DaemonLogic: Daemon has awakend.
Current PID: 177297
DaemonLogic: Daemon has exited. bey :)
----------------------------------------
DaemonLogic: Daemon has awakend.
Current PID: 178062
DaemonLogic: Daemon has exited. bey :)
----------------------------------------
DaemonLogic: Daemon has awakend.
Current PID: 178835
DaemonLogic: Daemon has exited. bey :)
----------------------------------------
DaemonLogic: Daemon has awakend.
Current PID: 179622
DaemonLogic: Daemon has exited. bey :)
----------------------------------------
DaemonLogic: Daemon has awakend.
Current PID: 180470
DaemonLogic: Daemon has exited. bey :)
----------------------------------------
DaemonLogic: Daemon has awakend.
Current PID: 180995
DaemonLogic: Daemon has exited. bey :)
----------------------------------------
DaemonLogic: Daemon has awakend.
Current PID: 181514
DaemonLogic: Daemon has exited. bey :)
----------------------------------------
DaemonLogic: Daemon has awakend.
Current PID: 182494
DaemonLogic: Daemon has exited. bey :)
----------------------------------------
DaemonLogic: Daemon has awakend.
Current PID: 184217
DaemonLogic: Daemon has exited. bey :)
----------------------------------------
DaemonLogic: Daemon has awakend.
Current PID: 185719
DaemonLogic: Daemon has exited. bey :)
----------------------------------------
DaemonLogic: Daemon has awakend.
Current PID: 188363
javax.sound.sampled.UnsupportedAudioFileException: File of unsupported format
	at java.desktop/javax.sound.sampled.AudioSystem.getAudioInputStream(AudioSystem.java:1064)
	at studio.maxis.DaemonLogic.playMusic(DaemonLogic.java:81)
	at studio.maxis.DaemonLogic.main(DaemonLogic.java:62)
javax.sound.sampled.UnsupportedAudioFileException: File of unsupported format
	at java.desktop/javax.sound.sampled.AudioSystem.getAudioInputStream(AudioSystem.java:1064)
	at studio.maxis.DaemonLogic.playMusic(DaemonLogic.java:81)
	at studio.maxis.DaemonLogic.main(DaemonLogic.java:62)
javax.sound.sampled.UnsupportedAudioFileException: File of unsupported format
	at java.desktop/javax.sound.sampled.AudioSystem.getAudioInputStream(AudioSystem.java:1064)
	at studio.maxis.DaemonLogic.playMusic(DaemonLogic.java:81)
	at studio.maxis.DaemonLogic.main(DaemonLogic.java:62)
DaemonLogic: Daemon has exited. bey :)
----------------------------------------
DaemonLogic: Daemon has awakend.
Current PID: 188986
javax.sound.sampled.UnsupportedAudioFileException: File of unsupported format
	at java.desktop/javax.sound.sampled.AudioSystem.getAudioInputStream(AudioSystem.java:1064)
	at studio.maxis.DaemonLogic.playMusic(DaemonLogic.java:81)
	at studio.maxis.DaemonLogic.main(DaemonLogic.java:62)
DaemonLogic: Daemon has exited. bey :)
----------------------------------------
DaemonLogic: Daemon has awakend.
Current PID: 195729
DaemonLogic: playing pls dont be loud
DaemonLogic: Daemon has exited. bey :)
----------------------------------------
DaemonLogic: Daemon has awakend.
Current PID: 197244
DaemonLogic: playing pls dont be loud
DaemonLogic: Daemon has exited. bey :)
----------------------------------------
DaemonLogic: Daemon has awakend.
Current PID: 198551
DaemonLogic: sleeping for 1 second
DaemonLogic: sleeping for 1 second
DaemonLogic: sleeping for 1 second
DaemonLogic: sleeping for 1 second
DaemonLogic: playing pls dont be loud
DaemonLogic: Daemon has exited. bey :)
----------------------------------------
DaemonLogic: Daemon has awakend.
Current PID: 199869
DaemonLogic: sleeping for 1 second
DaemonLogic: sleeping for 1 second
DaemonLogic: sleeping for 1 second
DaemonLogic: playing pls dont be loud
Exception in thread "main" java.lang.RuntimeException: javax.sound.sampled.UnsupportedAudioFileException: File of unsupported format
	at studio.maxis.DaemonLogic.main(DaemonLogic.java:78)
Caused by: javax.sound.sampled.UnsupportedAudioFileException: File of unsupported format
	at java.desktop/javax.sound.sampled.AudioSystem.getAudioInputStream(AudioSystem.java:1064)
	at studio.maxis.MusicConverter.convertToPCM(MusicConverter.java:10)
	at studio.maxis.DaemonLogic.main(DaemonLogic.java:68)
DaemonLogic: Daemon has exited. bey :)
----------------------------------------
DaemonLogic: Daemon has awakend.
Current PID: 201530
DaemonLogic: sleeping for 1 second
DaemonLogic: sleeping for 1 second
DaemonLogic: sleeping for 1 second
DaemonLogic: playing pls dont be loud
DaemonLogic: Daemon has exited. bey :)
----------------------------------------
DaemonLogic: Daemon has awakend.
Current PID: 202250
DaemonLogic: sleeping for 1 second
DaemonLogic: sleeping for 1 second
DaemonLogic: sleeping for 1 second
DaemonLogic: sleeping for 1 second
DaemonLogic: sleeping for 1 second
DaemonLogic: sleeping for 1 second
DaemonLogic: sleeping for 1 second
DaemonLogic: sleeping for 1 second
DaemonLogic: sleeping for 1 second
DaemonLogic: sleeping for 1 second
DaemonLogic: sleeping for 1 second
DaemonLogic: sleeping for 1 second
DaemonLogic: sleeping for 1 second
DaemonLogic: sleeping for 1 second
DaemonLogic: sleeping for 1 second
DaemonLogic: sleeping for 1 second
DaemonLogic: playing pls dont be loud
DaemonLogic: Daemon has exited. bey :)
----------------------------------------
DaemonLogic: Daemon has awakend.
Current PID: 203071
DaemonLogic: sleeping for 1 second
DaemonLogic: sleeping for 1 second
DaemonLogic: sleeping for 1 second
DaemonLogic: sleeping for 1 second
DaemonLogic: playing pls dont be loud
DaemonLogic: Daemon has exited. bey :)
----------------------------------------
DaemonLogic: Daemon has awakend.
Current PID: 203837
DaemonLogic: sleeping for 1 second
DaemonLogic: sleeping for 1 second
DaemonLogic: sleeping for 1 second
DaemonLogic: playing pls dont be loud
DaemonLogic: Daemon has exited. bey :)
----------------------------------------
DaemonLogic: Daemon has awakend.
Current PID: 204463
DaemonLogic: sleeping for 1 second
DaemonLogic: sleeping for 1 second
DaemonLogic: sleeping for 1 second
DaemonLogic: playing pls dont be loud
DaemonLogic: Daemon has exited. bey :)
